<?xml version="1.0" encoding="UTF-8"?>
<!-- Generated by org.testng.reporters.JUnitReportReporter -->
<testsuite skipped="0" hostname="Naresh" name="SeleniumDemo.DataDrivenDemo" tests="1" failures="0" timestamp="11 Dec 2017 03:13:30 GMT" time="0.136" errors="0">
  <testcase name="readExcelData" time="0.136" classname="SeleniumDemo.DataDrivenDemo"/>
</testsuite> <!-- SeleniumDemo.DataDrivenDemo -->
