<?xml version="1.0" encoding="UTF-8"?>
<!-- Generated by org.testng.reporters.JUnitReportReporter -->
<testsuite skipped="0" hostname="Naresh" name="SeleniumDemo.tableDemoAdvance" tests="1" failures="0" timestamp="16 Nov 2017 03:21:29 GMT" time="56.128" errors="0">
  <testcase name="tableExample" time="56.128" classname="SeleniumDemo.tableDemoAdvance"/>
</testsuite> <!-- SeleniumDemo.tableDemoAdvance -->
