<?xml version="1.0" encoding="UTF-8"?>
<!-- Generated by org.testng.reporters.JUnitReportReporter -->
<testsuite skipped="0" hostname="Naresh" name="SeleniumDemo.TestngAnnotation" tests="2" failures="0" timestamp="16 Nov 2017 02:37:19 GMT" time="41.605" errors="0">
  <testcase name="show2" time="20.080" classname="SeleniumDemo.TestngAnnotation"/>
  <testcase name="show" time="21.525" classname="SeleniumDemo.TestngAnnotation"/>
</testsuite> <!-- SeleniumDemo.TestngAnnotation -->
