<?xml version="1.0" encoding="UTF-8"?>
<!-- Generated by org.testng.reporters.JUnitReportReporter -->
<testsuite skipped="0" hostname="Naresh" name="SeleniumDemo.ActionsDemo" tests="1" failures="0" timestamp="23 Nov 2017 02:43:19 GMT" time="25.201" errors="0">
  <testcase name="mouseEvents" time="25.201" classname="SeleniumDemo.ActionsDemo"/>
</testsuite> <!-- SeleniumDemo.ActionsDemo -->
